KLEE: output directory is "/home/jl/testspace/coreutils-bc/cr-1/2019-04-24-22-23-36/klee/klee-out-41"
KLEE: input args: /home/jl/deploy/use/build/Release+Asserts/bin/klee --output-dir=/home/jl/testspace/coreutils-bc/cr-1/2019-04-24-22-23-36/klee/klee-out-41 --max-time=120 --max-instruction-time=12 -use --stats-write-interval=238 --istats-write-interval=238 /home/jl/testspace/coreutils-bc/cr-1/2019-04-24-22-23-36/bitcode/symmains.bc_remove_entry_ChangeEntry.bc

KLEE: WARNING: undefined reference to function: __ctype_b_loc
KLEE: WARNING: undefined reference to function: __ctype_get_mb_cur_max
KLEE: WARNING: undefined reference to function: __errno_location
KLEE: WARNING: undefined reference to function: __fpending
KLEE: WARNING: undefined reference to function: _obstack_begin
KLEE: WARNING: undefined reference to function: _obstack_newchunk
KLEE: WARNING: undefined reference to function: _setjmp
KLEE: WARNING: undefined reference to function: atexit
KLEE: WARNING: undefined reference to function: close
KLEE: WARNING: undefined reference to function: closedir
KLEE: WARNING: undefined reference to function: dirfd
KLEE: WARNING: undefined reference to function: euidaccess
KLEE: WARNING: undefined reference to function: fclose
KLEE: WARNING: undefined reference to function: fcntl
KLEE: WARNING: undefined reference to function: fdopendir
KLEE: WARNING: undefined reference to function: ferror_unlocked
KLEE: WARNING: undefined reference to function: fflush_unlocked
KLEE: WARNING: undefined reference to function: fopen
KLEE: WARNING: undefined reference to function: fprintf
KLEE: WARNING: undefined reference to function: fputs_unlocked
KLEE: WARNING: undefined reference to function: fstat
KLEE: WARNING: undefined reference to function: fstatat
KLEE: WARNING: undefined reference to function: getchar
KLEE: WARNING: undefined reference to function: getenv
KLEE: WARNING: undefined reference to function: getopt_long
KLEE: WARNING: undefined reference to function: group_member
KLEE: WARNING: undefined reference to function: isatty
KLEE: WARNING: undefined reference to function: iswprint
KLEE: WARNING: undefined reference to function: longjmp
KLEE: WARNING: undefined reference to function: lstat
KLEE: WARNING: undefined reference to function: mbrtowc
KLEE: WARNING: undefined reference to function: mbsinit
KLEE: WARNING: undefined reference to function: memcmp
KLEE: WARNING: undefined reference to function: obstack_free
KLEE: WARNING: undefined reference to function: openat
KLEE: WARNING: undefined reference to variable: optarg
KLEE: WARNING: undefined reference to variable: optind
KLEE: WARNING: undefined reference to function: printf
KLEE: WARNING: undefined reference to function: putc_unlocked
KLEE: WARNING: undefined reference to function: readdir
KLEE: WARNING: undefined reference to function: rewinddir
KLEE: WARNING: undefined reference to function: setlocale
KLEE: WARNING: undefined reference to variable: stderr
KLEE: WARNING: undefined reference to variable: stdout
KLEE: WARNING: undefined reference to function: strcmp
KLEE: WARNING: undefined reference to function: strlen
KLEE: WARNING: undefined reference to function: strncmp
KLEE: WARNING: undefined reference to function: strndup
KLEE: WARNING: undefined reference to function: unlinkat
KLEE: WARNING: undefined reference to function: vfprintf
KLEE: WARNING: undefined reference to function: error (UNSAFE)!
KLEE: Divergence Instruction: file:/home/shadowvm/shadow/shadow-test/coreutils/cr-1/src/remove.c line: 846 test case id is: 1 

KLEE: Divergence Instruction: file:/home/shadowvm/shadow/shadow-test/coreutils/cr-1/src/remove.c line: 849 test case id is: 2 

KLEE: Divergence Instruction: file:/home/shadowvm/shadow/shadow-test/coreutils/cr-1/src/remove.c line: 849 test case id is: 3 

KLEE: WARNING ONCE: calling external: __errno_location()
new err
KLEE: ERROR: /home/shadowvm/shadow/shadow-test/coreutils/cr-1/src/remove.c:1071: external call with symbolic argument in new version: unlinkat
KLEE: NOTE: now ignoring this error at this location
KLEE: error occurs only at new version
new Info:Error: external call with symbolic argument in new version: unlinkat
File: /home/shadowvm/shadow/shadow-test/coreutils/cr-1/src/remove.c
Line: 1071
assembly.ll line: 4810
Stack: 
	#000004810 in remove_entry (fd_cwd, ds=56917328, filename=56912176, st=56934240, x=56924656, dp=51575712) at /home/shadowvm/shadow/shadow-test/coreutils/cr-1/src/remove.c:1071
	#100011462 in main (=1, =48882912)


--- kill(9)ed by MACKE for overstepping max-time twice